ERROR:root:FIXME: Unimplemented - put 'lists', 'A sequence of things - created using []'
ERROR:root:FIXME: Unimplemented - get('lists')
INFO:root:Construction parser
INFO:root:Construction parser
INFO:root:Construction parser
INFO:root:Construction parser
INFO:root:Construction parser
DEBUG:root:Constructing put subparser
INFO:root:Construction parser
DEBUG:root:Constructing put subparser
INFO:root:Construction parser
DEBUG:root:Constructing put subparser
INFO:root:Construction parser
DEBUG:root:Constructing put subparser
INFO:root:Construction parser
DEBUG:root:Constructing put subparser
INFO:root:Construction parser
DEBUG:root:Constructing put subparser
ERROR:root:FIXME: Unimplemented - get('list')
INFO:root:Construction parser
DEBUG:root:Constructing put subparser
ERROR:root:FIXME: Unimplemented - put 'list', 'A sequence of things'
INFO:root:Construction parser
DEBUG:root:Constructing put subparser
ERROR:root:FIXME: Unimplemented - get('list')
DEBUG:root:Connecting to PostgreSQL
DEBUG:root:Databse connection established
INFO:root:Construction parser
DEBUG:root:Constructing put subparser
INFO:root:Storing snippet 'Test': 'This is a test'
DEBUG:root:Snippet stored successfully.
DEBUG:root:Connecting to PostgreSQL
DEBUG:root:Databse connection established
INFO:root:Construction parser
DEBUG:root:Constructing put subparser
INFO:root:Retrieving 'Test' from databse
DEBUG:root:Connecting to PostgreSQL
DEBUG:root:Databse connection established
INFO:root:Construction parser
DEBUG:root:Constructing put subparser
INFO:root:Retrieving 'Test' from databse
DEBUG:root:Connecting to PostgreSQL
DEBUG:root:Databse connection established
INFO:root:Construction parser
DEBUG:root:Constructing put subparser
INFO:root:Retrieving 'Test' from databse
DEBUG:root:Connecting to PostgreSQL
DEBUG:root:Databse connection established
INFO:root:Construction parser
DEBUG:root:Constructing put subparser
INFO:root:Retrieving 'Test' from databse
DEBUG:root:Connecting to PostgreSQL
DEBUG:root:Databse connection established
INFO:root:Construction parser
DEBUG:root:Constructing put subparser
INFO:root:Retrieving 'Test' from databse
DEBUG:root:Connecting to PostgreSQL
DEBUG:root:Databse connection established
INFO:root:Construction parser
DEBUG:root:Constructing put subparser
INFO:root:Retrieving 'Test' from databse
DEBUG:root:Connecting to PostgreSQL
DEBUG:root:Databse connection established
INFO:root:Construction parser
DEBUG:root:Constructing put subparser
INFO:root:Retrieving 'Test' from databse
DEBUG:root:Connecting to PostgreSQL
DEBUG:root:Databse connection established
INFO:root:Construction parser
DEBUG:root:Constructing put subparser
INFO:root:Retrieving 'Test' from databse
DEBUG:root:Connecting to PostgreSQL
DEBUG:root:Databse connection established
INFO:root:Construction parser
DEBUG:root:Constructing put subparser
INFO:root:Retrieving 'Test' from databse
DEBUG:root:Connecting to PostgreSQL
DEBUG:root:Databse connection established
INFO:root:Storing snippet 'Foo': 'Somethin else'
DEBUG:root:Snippet stored successfully.
INFO:root:Retrieving 'Foo' from databse
DEBUG:root:Connecting to PostgreSQL
DEBUG:root:Databse connection established
INFO:root:Construction parser
DEBUG:root:Constructing put subparser
INFO:root:Retrieving 'Bar' from databse
DEBUG:root:Connecting to PostgreSQL
DEBUG:root:Databse connection established
INFO:root:Construction parser
DEBUG:root:Constructing put subparser
INFO:root:Retrieving 'Foo' from databse
DEBUG:root:Connecting to PostgreSQL
DEBUG:root:Databse connection established
INFO:root:Construction parser
DEBUG:root:Constructing put subparser
INFO:root:Retrieving 'Foo' from databse
DEBUG:root:Connecting to PostgreSQL
DEBUG:root:Databse connection established
INFO:root:Construction parser
DEBUG:root:Constructing put subparser
INFO:root:Retrieving 'bar' from databse
DEBUG:root:Connecting to PostgreSQL
DEBUG:root:Databse connection established
INFO:root:Construction parser
DEBUG:root:Constructing put subparser
INFO:root:Storing snippet 'Test': 'Another test'
DEBUG:root:Connecting to PostgreSQL
DEBUG:root:Databse connection established
INFO:root:Construction parser
DEBUG:root:Constructing put subparser
INFO:root:Storing snippet 'Test': 'Another test'
DEBUG:root:Connecting to PostgreSQL
DEBUG:root:Databse connection established
INFO:root:Construction parser
DEBUG:root:Constructing put subparser
INFO:root:Storing snippet 'Test': 'Another test'
DEBUG:root:Snippet stored successfully.
DEBUG:root:Connecting to PostgreSQL
DEBUG:root:Databse connection established
INFO:root:Construction parser
DEBUG:root:Constructing put subparser
INFO:root:Storing snippet 'Bar': 'Some important text goes here'
DEBUG:root:Snippet stored successfully.
DEBUG:root:Connecting to PostgreSQL
DEBUG:root:Databse connection established
INFO:root:Construction parser
DEBUG:root:Constructing put subparser
INFO:root:Retrieving 'Bar' from databse
DEBUG:root:Connecting to PostgreSQL
DEBUG:root:Databse connection established
INFO:root:Construction parser
DEBUG:root:Constructing put subparser
INFO:root:Storing snippet 'Bar': 'Some important text goes here!'
DEBUG:root:Snippet stored successfully.
DEBUG:root:Connecting to PostgreSQL
DEBUG:root:Databse connection established
INFO:root:Construction parser
DEBUG:root:Constructing put subparser
INFO:root:Retrieving 'Bar' from databse
DEBUG:root:Connecting to PostgreSQL
DEBUG:root:Databse connection established
INFO:root:Construction parser
DEBUG:root:Constructing put subparser
INFO:root:Storing snippet 'Bar': 'Some important text goes HERE too'
DEBUG:root:Snippet stored successfully.
DEBUG:root:Connecting to PostgreSQL
DEBUG:root:Databse connection established
INFO:root:Construction parser
DEBUG:root:Constructing put subparser
INFO:root:Retrieving 'Bar' from databse
DEBUG:root:Connecting to PostgreSQL
DEBUG:root:Databse connection established
INFO:root:Construction parser
DEBUG:root:Constructing put subparser
INFO:root:Retrieving 'Bar' from databse
DEBUG:root:Connecting to PostgreSQL
DEBUG:root:Databse connection established
INFO:root:Construction parser
DEBUG:root:Constructing put subparser
INFO:root:Storing snippet 'Bar': 'Some important text goes HERE too'
DEBUG:root:Snippet stored successfully.
DEBUG:root:Connecting to PostgreSQL
DEBUG:root:Databse connection established
INFO:root:Construction parser
DEBUG:root:Constructing put subparser
INFO:root:Retrieving 'Bar' from databse
DEBUG:root:Connecting to PostgreSQL
DEBUG:root:Databse connection established
INFO:root:Construction parser
DEBUG:root:Constructing put subparser
INFO:root:Storing snippet 'Rock': 'Additional notes'
DEBUG:root:Snippet stored successfully.
DEBUG:root:Connecting to PostgreSQL
DEBUG:root:Databse connection established
INFO:root:Construction parser
DEBUG:root:Constructing put subparser
INFO:root:Retrieving 'Rock' from databse
DEBUG:root:Connecting to PostgreSQL
DEBUG:root:Databse connection established
INFO:root:Construction parser
DEBUG:root:Constructing put subparser
INFO:root:Storing snippet 'Rock': 'Additional notes go HERE!'
DEBUG:root:Snippet stored successfully.
DEBUG:root:Connecting to PostgreSQL
DEBUG:root:Databse connection established
INFO:root:Construction parser
DEBUG:root:Constructing put subparser
INFO:root:Retrieving 'Rock' from databse
DEBUG:root:Connecting to PostgreSQL
DEBUG:root:Databse connection established
INFO:root:Construction parser
DEBUG:root:Constructing put subparser
INFO:root:Retrieving 'Rock' from databse
DEBUG:root:Connecting to PostgreSQL
DEBUG:root:Databse connection established
INFO:root:Construction parser
DEBUG:root:Constructing put subparser
INFO:root:Storing snippet 'other': 'Blah blah blah'
DEBUG:root:Snippet stored successfully.
DEBUG:root:Connecting to PostgreSQL
DEBUG:root:Databse connection established
INFO:root:Construction parser
DEBUG:root:Constructing put subparser
INFO:root:Storing snippet 'other': 'Blah blah blah yadah yadah yadah'
DEBUG:root:Snippet stored successfully.
DEBUG:root:Connecting to PostgreSQL
DEBUG:root:Databse connection established
INFO:root:Construction parser
DEBUG:root:Constructing put subparser
INFO:root:Retrieving 'Rock' from databse
DEBUG:root:Connecting to PostgreSQL
DEBUG:root:Databse connection established
INFO:root:Construction parser
DEBUG:root:Constructing put subparser
INFO:root:Storing snippet 'more': 'More useful stuff goes here'
DEBUG:root:Snippet stored successfully.
DEBUG:root:Connecting to PostgreSQL
DEBUG:root:Databse connection established
INFO:root:Construction parser
DEBUG:root:Constructing put subparser
INFO:root:Retrieving 'more' from databse
DEBUG:root:Connecting to PostgreSQL
DEBUG:root:Databse connection established
INFO:root:Construction parser
DEBUG:root:Constructing put subparser
INFO:root:Storing snippet 'more': 'ksihfoij903 pojfw4oi apw490u'
DEBUG:root:Snippet stored successfully.
DEBUG:root:Connecting to PostgreSQL
DEBUG:root:Databse connection established
INFO:root:Construction parser
DEBUG:root:Constructing put subparser
INFO:root:Retrieving 'more' from databse
DEBUG:root:Connecting to PostgreSQL
DEBUG:root:Databse connection established
INFO:root:Construction parser
DEBUG:root:Constructing put subparser
DEBUG:root:Connecting to PostgreSQL
DEBUG:root:Databse connection established
INFO:root:Construction parser
DEBUG:root:Constructing put subparser
DEBUG:root:Connecting to PostgreSQL
DEBUG:root:Databse connection established
INFO:root:Construction parser
DEBUG:root:Constructing put subparser
INFO:root:Retrieving 'Bar' from databse
DEBUG:root:Connecting to PostgreSQL
DEBUG:root:Databse connection established
INFO:root:Construction parser
DEBUG:root:Constructing put subparser
DEBUG:root:Connecting to PostgreSQL
DEBUG:root:Databse connection established
INFO:root:Construction parser
DEBUG:root:Constructing put subparser
DEBUG:root:Connecting to PostgreSQL
DEBUG:root:Databse connection established
INFO:root:Construction parser
DEBUG:root:Constructing put subparser
INFO:root:Retrieving 'Bar' from databse
DEBUG:root:Connecting to PostgreSQL
DEBUG:root:Databse connection established
INFO:root:Construction parser
DEBUG:root:Constructing put subparser
INFO:root:Retrieving keyword list from database
DEBUG:root:Connecting to PostgreSQL
DEBUG:root:Databse connection established
INFO:root:Construction parser
DEBUG:root:Constructing put subparser
INFO:root:Retrieving keyword list from database
DEBUG:root:Connecting to PostgreSQL
DEBUG:root:Databse connection established
INFO:root:Construction parser
DEBUG:root:Constructing put subparser
INFO:root:Retrieving keyword list from database
DEBUG:root:Connecting to PostgreSQL
DEBUG:root:Databse connection established
INFO:root:Construction parser
DEBUG:root:Constructing put subparser
INFO:root:Retrieving keyword list from database
DEBUG:root:Connecting to PostgreSQL
DEBUG:root:Databse connection established
INFO:root:Construction parser
DEBUG:root:Constructing put subparser
INFO:root:Retrieving keyword list from database
DEBUG:root:Connecting to PostgreSQL
DEBUG:root:Databse connection established
INFO:root:Construction parser
DEBUG:root:Constructing put subparser
INFO:root:Retrieving keyword list from database
DEBUG:root:Connecting to PostgreSQL
DEBUG:root:Databse connection established
INFO:root:Construction parser
DEBUG:root:Constructing put subparser
INFO:root:Searching for target string within snipperts
DEBUG:root:Connecting to PostgreSQL
DEBUG:root:Databse connection established
INFO:root:Construction parser
DEBUG:root:Constructing put subparser
INFO:root:Searching for target string within snipperts
DEBUG:root:Connecting to PostgreSQL
DEBUG:root:Databse connection established
INFO:root:Construction parser
DEBUG:root:Constructing put subparser
INFO:root:Searching for target string within snipperts
DEBUG:root:Connecting to PostgreSQL
DEBUG:root:Databse connection established
INFO:root:Construction parser
DEBUG:root:Constructing put subparser
INFO:root:Searching for target string within snipperts
DEBUG:root:Connecting to PostgreSQL
DEBUG:root:Databse connection established
INFO:root:Construction parser
DEBUG:root:Constructing put subparser
INFO:root:Searching for target string within snipperts
DEBUG:root:Connecting to PostgreSQL
DEBUG:root:Databse connection established
INFO:root:Construction parser
DEBUG:root:Constructing put subparser
INFO:root:Searching for target string within snipperts
DEBUG:root:Connecting to PostgreSQL
DEBUG:root:Databse connection established
INFO:root:Construction parser
DEBUG:root:Constructing put subparser
INFO:root:Searching for target string within snipperts
DEBUG:root:Connecting to PostgreSQL
DEBUG:root:Databse connection established
INFO:root:Construction parser
DEBUG:root:Constructing put subparser
INFO:root:Searching for target string within snipperts
DEBUG:root:Connecting to PostgreSQL
DEBUG:root:Databse connection established
INFO:root:Construction parser
DEBUG:root:Constructing put subparser
INFO:root:Searching for target string within snipperts
DEBUG:root:Connecting to PostgreSQL
DEBUG:root:Databse connection established
INFO:root:Construction parser
DEBUG:root:Constructing put subparser
INFO:root:Searching for target string within snipperts
DEBUG:root:Connecting to PostgreSQL
DEBUG:root:Databse connection established
INFO:root:Construction parser
DEBUG:root:Constructing put subparser
INFO:root:Searching for 'notes' string within snipperts
DEBUG:root:Connecting to PostgreSQL
DEBUG:root:Databse connection established
INFO:root:Construction parser
DEBUG:root:Constructing put subparser
INFO:root:Searching for 'HERE' string within snipperts
DEBUG:root:Connecting to PostgreSQL
DEBUG:root:Databse connection established
INFO:root:Construction parser
DEBUG:root:Constructing put subparser
INFO:root:Searching for 'HERE' within snipperts
DEBUG:root:Connecting to PostgreSQL
DEBUG:root:Databse connection established
INFO:root:Construction parser
DEBUG:root:Constructing put subparser
INFO:root:Searching for 'HERE' within snipperts
DEBUG:root:Connecting to PostgreSQL
DEBUG:root:Databse connection established
INFO:root:Construction parser
DEBUG:root:Constructing put subparser
INFO:root:Searching for 'HERE' within snipperts
DEBUG:root:Connecting to PostgreSQL
DEBUG:root:Databse connection established
INFO:root:Construction parser
DEBUG:root:Constructing put subparser
INFO:root:Searching for 'HERE' within snipperts
DEBUG:root:Connecting to PostgreSQL
DEBUG:root:Databse connection established
INFO:root:Construction parser
DEBUG:root:Constructing put subparser
INFO:root:Retrieving 'Foo' from databse
DEBUG:root:Connecting to PostgreSQL
DEBUG:root:Databse connection established
INFO:root:Construction parser
DEBUG:root:Constructing put subparser
DEBUG:root:Connecting to PostgreSQL
DEBUG:root:Databse connection established
INFO:root:Construction parser
DEBUG:root:Constructing put subparser
DEBUG:root:Connecting to PostgreSQL
DEBUG:root:Databse connection established
INFO:root:Construction parser
DEBUG:root:Constructing put subparser
DEBUG:root:Connecting to PostgreSQL
DEBUG:root:Databse connection established
INFO:root:Construction parser
DEBUG:root:Constructing put subparser
INFO:root:Searching for 'HERE' within snipperts
DEBUG:root:Connecting to PostgreSQL
DEBUG:root:Databse connection established
INFO:root:Construction parser
DEBUG:root:Constructing put subparser
INFO:root:Searching for 'HERE' within snipperts
DEBUG:root:Connecting to PostgreSQL
DEBUG:root:Databse connection established
INFO:root:Construction parser
DEBUG:root:Constructing put subparser
INFO:root:Storing snippet 'var': 'This goes HERE'
DEBUG:root:Snippet stored successfully.
DEBUG:root:Connecting to PostgreSQL
DEBUG:root:Databse connection established
INFO:root:Construction parser
DEBUG:root:Constructing put subparser
INFO:root:Searching for 'HERE' within snipperts
DEBUG:root:Connecting to PostgreSQL
DEBUG:root:Databse connection established
INFO:root:Construction parser
DEBUG:root:Constructing put subparser
DEBUG:root:Connecting to PostgreSQL
DEBUG:root:Databse connection established
INFO:root:Construction parser
DEBUG:root:Constructing put subparser
INFO:root:Retrieving keyword list from database
DEBUG:root:Connecting to PostgreSQL
DEBUG:root:Databse connection established
INFO:root:Construction parser
DEBUG:root:Constructing put subparser
DEBUG:root:Connecting to PostgreSQL
DEBUG:root:Databse connection established
INFO:root:Construction parser
DEBUG:root:Constructing put subparser
DEBUG:root:Connecting to PostgreSQL
DEBUG:root:Databse connection established
INFO:root:Construction parser
DEBUG:root:Constructing put subparser
DEBUG:root:Connecting to PostgreSQL
DEBUG:root:Databse connection established
INFO:root:Construction parser
DEBUG:root:Constructing put subparser
DEBUG:root:Connecting to PostgreSQL
DEBUG:root:Databse connection established
INFO:root:Construction parser
DEBUG:root:Constructing put subparser
DEBUG:root:Connecting to PostgreSQL
DEBUG:root:Databse connection established
INFO:root:Construction parser
DEBUG:root:Constructing put subparser
DEBUG:root:Connecting to PostgreSQL
DEBUG:root:Databse connection established
INFO:root:Construction parser
DEBUG:root:Constructing put subparser
INFO:root:Storing snippet 'another': 'hide this!' hidden = False
DEBUG:root:Snippet stored successfully.
DEBUG:root:Connecting to PostgreSQL
DEBUG:root:Databse connection established
INFO:root:Construction parser
DEBUG:root:Constructing put subparser
INFO:root:Storing snippet 'another': 'hide this!' hidden = False
DEBUG:root:Snippet stored successfully.
DEBUG:root:Connecting to PostgreSQL
DEBUG:root:Databse connection established
INFO:root:Construction parser
DEBUG:root:Constructing put subparser
DEBUG:root:Connecting to PostgreSQL
DEBUG:root:Databse connection established
INFO:root:Construction parser
DEBUG:root:Constructing put subparser
INFO:root:Storing snippet 'another': 'hide this!' hidden = True
DEBUG:root:Snippet stored successfully.
DEBUG:root:Connecting to PostgreSQL
DEBUG:root:Databse connection established
INFO:root:Construction parser
DEBUG:root:Constructing put subparser
INFO:root:Storing snippet 'fooBar': 'More notes and table' hidden = False
DEBUG:root:Snippet stored successfully.
DEBUG:root:Connecting to PostgreSQL
DEBUG:root:Databse connection established
INFO:root:Construction parser
DEBUG:root:Constructing put subparser
DEBUG:root:Connecting to PostgreSQL
DEBUG:root:Databse connection established
INFO:root:Construction parser
DEBUG:root:Constructing put subparser
DEBUG:root:Connecting to PostgreSQL
DEBUG:root:Databse connection established
INFO:root:Construction parser
DEBUG:root:Constructing put subparser
INFO:root:Storing snippet 'fooBar': 'More notes and table' hidden = True
DEBUG:root:Snippet stored successfully.
DEBUG:root:Connecting to PostgreSQL
DEBUG:root:Databse connection established
INFO:root:Construction parser
DEBUG:root:Constructing put subparser
DEBUG:root:Connecting to PostgreSQL
DEBUG:root:Databse connection established
INFO:root:Construction parser
DEBUG:root:Constructing put subparser
DEBUG:root:Connecting to PostgreSQL
DEBUG:root:Databse connection established
INFO:root:Construction parser
DEBUG:root:Constructing put subparser
INFO:root:Storing snippet 'fooBar': 'hello world' hidden = False
DEBUG:root:Snippet stored successfully.
DEBUG:root:Connecting to PostgreSQL
DEBUG:root:Databse connection established
INFO:root:Construction parser
DEBUG:root:Constructing put subparser
INFO:root:Retrieving 'Foo' from databse
DEBUG:root:Connecting to PostgreSQL
DEBUG:root:Databse connection established
INFO:root:Construction parser
DEBUG:root:Constructing put subparser
INFO:root:Searching for 'table' within snipperts
DEBUG:root:Connecting to PostgreSQL
DEBUG:root:Databse connection established
INFO:root:Construction parser
DEBUG:root:Constructing put subparser
INFO:root:Searching for 'table' within snipperts
DEBUG:root:Connecting to PostgreSQL
DEBUG:root:Databse connection established
INFO:root:Construction parser
DEBUG:root:Constructing put subparser
INFO:root:Retrieving keyword list from database
DEBUG:root:Connecting to PostgreSQL
DEBUG:root:Databse connection established
INFO:root:Construction parser
DEBUG:root:Constructing put subparser
DEBUG:root:Connecting to PostgreSQL
DEBUG:root:Databse connection established
INFO:root:Construction parser
DEBUG:root:Constructing put subparser
DEBUG:root:Connecting to PostgreSQL
DEBUG:root:Databse connection established
INFO:root:Construction parser
DEBUG:root:Constructing put subparser
DEBUG:root:Connecting to PostgreSQL
DEBUG:root:Databse connection established
INFO:root:Construction parser
DEBUG:root:Constructing put subparser
DEBUG:root:Connecting to PostgreSQL
DEBUG:root:Databse connection established
INFO:root:Construction parser
DEBUG:root:Constructing put subparser
DEBUG:root:Connecting to PostgreSQL
DEBUG:root:Databse connection established
INFO:root:Construction parser
DEBUG:root:Constructing put subparser
DEBUG:root:Connecting to PostgreSQL
DEBUG:root:Databse connection established
INFO:root:Construction parser
DEBUG:root:Constructing put subparser
DEBUG:root:Connecting to PostgreSQL
DEBUG:root:Databse connection established
INFO:root:Construction parser
DEBUG:root:Constructing put subparser
DEBUG:root:Connecting to PostgreSQL
DEBUG:root:Databse connection established
INFO:root:Construction parser
DEBUG:root:Constructing put subparser
INFO:root:Storing snippet 'hello': 'this is a message text' hidden = False
DEBUG:root:Snippet stored successfully.
DEBUG:root:Connecting to PostgreSQL
DEBUG:root:Databse connection established
INFO:root:Construction parser
DEBUG:root:Constructing put subparser
INFO:root:Retrieving 'hello' from databse
DEBUG:root:Connecting to PostgreSQL
DEBUG:root:Databse connection established
INFO:root:Construction parser
DEBUG:root:Constructing put subparser
INFO:root:Retrieving keyword list from database
DEBUG:root:Connecting to PostgreSQL
DEBUG:root:Databse connection established
INFO:root:Construction parser
DEBUG:root:Constructing put subparser
INFO:root:Searching for 'message' within snipperts
DEBUG:root:Connecting to PostgreSQL
DEBUG:root:Databse connection established
INFO:root:Construction parser
DEBUG:root:Constructing put subparser
DEBUG:root:Connecting to PostgreSQL
DEBUG:root:Databse connection established
INFO:root:Construction parser
DEBUG:root:Constructing put subparser
INFO:root:Searching for 'message' within snipperts
DEBUG:root:Connecting to PostgreSQL
DEBUG:root:Databse connection established
INFO:root:Construction parser
DEBUG:root:Constructing put subparser
DEBUG:root:Connecting to PostgreSQL
DEBUG:root:Databse connection established
INFO:root:Construction parser
DEBUG:root:Constructing put subparser
INFO:root:Searching for 'message' within snipperts
DEBUG:root:Connecting to PostgreSQL
DEBUG:root:Databse connection established
INFO:root:Construction parser
DEBUG:root:Constructing put subparser
INFO:root:Searching for 'message' within snipperts
DEBUG:root:Connecting to PostgreSQL
DEBUG:root:Databse connection established
INFO:root:Construction parser
DEBUG:root:Constructing put subparser
INFO:root:Retrieving keyword list from database
DEBUG:root:Connecting to PostgreSQL
DEBUG:root:Databse connection established
INFO:root:Construction parser
DEBUG:root:Constructing put subparser
INFO:root:Retrieving keyword list from database
DEBUG:root:Connecting to PostgreSQL
DEBUG:root:Databse connection established
INFO:root:Construction parser
DEBUG:root:Constructing put subparser
INFO:root:Searching for 'this' within snipperts
DEBUG:root:Connecting to PostgreSQL
DEBUG:root:Databse connection established
INFO:root:Construction parser
DEBUG:root:Constructing put subparser
INFO:root:Searching for 'text' within snipperts
DEBUG:root:Connecting to PostgreSQL
DEBUG:root:Databse connection established
INFO:root:Construction parser
DEBUG:root:Constructing put subparser
DEBUG:root:Connecting to PostgreSQL
DEBUG:root:Databse connection established
INFO:root:Construction parser
DEBUG:root:Constructing put subparser
DEBUG:root:Connecting to PostgreSQL
DEBUG:root:Databse connection established
INFO:root:Construction parser
DEBUG:root:Constructing put subparser
DEBUG:root:Connecting to PostgreSQL
DEBUG:root:Databse connection established
INFO:root:Construction parser
DEBUG:root:Constructing put subparser
INFO:root:Setting Hidden column to 'Bar' in 'True'
DEBUG:root:Snippet updated succesfully
DEBUG:root:Connecting to PostgreSQL
DEBUG:root:Databse connection established
INFO:root:Construction parser
DEBUG:root:Constructing put subparser
INFO:root:Storing snippet 'Others': 'text text and more text' hidden = False
DEBUG:root:Snippet stored successfully.
DEBUG:root:Connecting to PostgreSQL
DEBUG:root:Databse connection established
INFO:root:Construction parser
DEBUG:root:Constructing put subparser
INFO:root:Retrieving 'Others' from databse
DEBUG:root:Connecting to PostgreSQL
DEBUG:root:Databse connection established
INFO:root:Construction parser
DEBUG:root:Constructing put subparser
INFO:root:Retrieving keyword list from database
DEBUG:root:Connecting to PostgreSQL
DEBUG:root:Databse connection established
INFO:root:Construction parser
DEBUG:root:Constructing put subparser
INFO:root:Searching for 'text' within snipperts
DEBUG:root:Connecting to PostgreSQL
DEBUG:root:Databse connection established
INFO:root:Construction parser
DEBUG:root:Constructing put subparser
INFO:root:Setting Hidden column to 'Test' in 'True'
DEBUG:root:Snippet updated succesfully
DEBUG:root:Connecting to PostgreSQL
DEBUG:root:Databse connection established
INFO:root:Construction parser
DEBUG:root:Constructing put subparser
DEBUG:root:Connecting to PostgreSQL
DEBUG:root:Databse connection established
INFO:root:Construction parser
DEBUG:root:Constructing put subparser
INFO:root:Setting Hidden column to 'another' in 'False'
DEBUG:root:Snippet updated succesfully
